<?xml version="1.0" encoding="UTF-8"?>
<testsuite xmlns:xsi="http://www.w3.org/2001/XMLSchema-instance" xsi:schemaLocation="https://maven.apache.org/surefire/maven-surefire-plugin/xsd/surefire-test-report.xsd" name="TestSuite" time="308.149" tests="34" errors="0" skipped="0" failures="0">
  <properties>
    <property name="java.runtime.name" value="Java(TM) SE Runtime Environment"/>
    <property name="sun.boot.library.path" value="C:\Program Files\Java\jdk1.8.0_271\jre\bin"/>
    <property name="java.vm.version" value="25.271-b09"/>
    <property name="java.vm.vendor" value="Oracle Corporation"/>
    <property name="maven.multiModuleProjectDirectory" value="C:\Users\SriSwathiAnushaNulu\git\CICD\T_Sample_TnM_Green_Shakedown_Testing"/>
    <property name="java.vendor.url" value="http://java.oracle.com/"/>
    <property name="path.separator" value=";"/>
    <property name="guice.disable.misplaced.annotation.check" value="true"/>
    <property name="java.vm.name" value="Java HotSpot(TM) 64-Bit Server VM"/>
    <property name="file.encoding.pkg" value="sun.io"/>
    <property name="user.script" value=""/>
    <property name="user.country" value="IN"/>
    <property name="sun.java.launcher" value="SUN_STANDARD"/>
    <property name="sun.os.patch.level" value=""/>
    <property name="java.vm.specification.name" value="Java Virtual Machine Specification"/>
    <property name="user.dir" value="C:\Users\SriSwathiAnushaNulu\git\CICD\T_Sample_TnM_Green_Shakedown_Testing"/>
    <property name="java.runtime.version" value="1.8.0_271-b09"/>
    <property name="java.awt.graphicsenv" value="sun.awt.Win32GraphicsEnvironment"/>
    <property name="java.endorsed.dirs" value="C:\Program Files\Java\jdk1.8.0_271\jre\lib\endorsed"/>
    <property name="os.arch" value="amd64"/>
    <property name="java.io.tmpdir" value="C:\Users\SRISWA~1\AppData\Local\Temp\"/>
    <property name="line.separator" value="&#10;"/>
    <property name="java.vm.specification.vendor" value="Oracle Corporation"/>
    <property name="user.variant" value=""/>
    <property name="os.name" value="Windows 10"/>
    <property name="classworlds.conf" value="C:\Users\SriSwathiAnushaNulu\workspace\.metadata\.plugins\org.eclipse.m2e.launching\launches\m2conf86072104861112282.tmp"/>
    <property name="sun.jnu.encoding" value="Cp1252"/>
    <property name="java.library.path" value="C:\Program Files\Java\jdk1.8.0_271\bin;C:\WINDOWS\Sun\Java\bin;C:\WINDOWS\system32;C:\WINDOWS;C:/Program Files/Java/jre1.8.0_271/bin/server;C:/Program Files/Java/jre1.8.0_271/bin;C:/Program Files/Java/jre1.8.0_271/lib/amd64;C:\Program Files (x86)\Common Files\Oracle\Java\javapath;C:\WINDOWS\system32;C:\WINDOWS;C:\WINDOWS\System32\Wbem;C:\WINDOWS\System32\WindowsPowerShell\v1.0\;C:\WINDOWS\System32\OpenSSH\;C:\Program Files\Intel\WiFi\bin\;C:\Program Files\Common Files\Intel\WirelessCommon\;C:\Program Files\PuTTY\;C:\Users\SriSwathiAnushaNulu\AppData\Local\Microsoft\WindowsApps;;C:\Users\SriSwathiAnushaNulu\Desktop\eclipse;;."/>
    <property name="java.specification.name" value="Java Platform API Specification"/>
    <property name="java.class.version" value="52.0"/>
    <property name="sun.management.compiler" value="HotSpot 64-Bit Tiered Compilers"/>
    <property name="os.version" value="10.0"/>
    <property name="user.home" value="C:\Users\SriSwathiAnushaNulu"/>
    <property name="user.timezone" value="Asia/Calcutta"/>
    <property name="java.awt.printerjob" value="sun.awt.windows.WPrinterJob"/>
    <property name="java.specification.version" value="1.8"/>
    <property name="file.encoding" value="Cp1252"/>
    <property name="user.name" value="SriSwathiAnushaNulu"/>
    <property name="java.class.path" value="/C:/Users/SriSwathiAnushaNulu/Desktop/eclipse/plugins/org.eclipse.m2e.maven.runtime_1.7.0.20160603-1931/jars/plexus-classworlds-2.5.2.jar"/>
    <property name="java.vm.specification.version" value="1.8"/>
    <property name="sun.arch.data.model" value="64"/>
    <property name="java.home" value="C:\Program Files\Java\jdk1.8.0_271\jre"/>
    <property name="sun.java.command" value="org.codehaus.plexus.classworlds.launcher.Launcher -B test"/>
    <property name="java.specification.vendor" value="Oracle Corporation"/>
    <property name="user.language" value="en"/>
    <property name="awt.toolkit" value="sun.awt.windows.WToolkit"/>
    <property name="java.vm.info" value="mixed mode"/>
    <property name="java.version" value="1.8.0_271"/>
    <property name="java.ext.dirs" value="C:\Program Files\Java\jdk1.8.0_271\jre\lib\ext;C:\WINDOWS\Sun\Java\lib\ext"/>
    <property name="sun.boot.class.path" value="C:\Program Files\Java\jdk1.8.0_271\jre\lib\resources.jar;C:\Program Files\Java\jdk1.8.0_271\jre\lib\rt.jar;C:\Program Files\Java\jdk1.8.0_271\jre\lib\sunrsasign.jar;C:\Program Files\Java\jdk1.8.0_271\jre\lib\jsse.jar;C:\Program Files\Java\jdk1.8.0_271\jre\lib\jce.jar;C:\Program Files\Java\jdk1.8.0_271\jre\lib\charsets.jar;C:\Program Files\Java\jdk1.8.0_271\jre\lib\jfr.jar;C:\Program Files\Java\jdk1.8.0_271\jre\classes"/>
    <property name="java.vendor" value="Oracle Corporation"/>
    <property name="maven.home" value="C:\Users\SriSwathiAnushaNulu\git\CICD\T_Sample_TnM_Green_Shakedown_Testing\EMBEDDED"/>
    <property name="file.separator" value="\"/>
    <property name="java.vendor.url.bug" value="http://bugreport.sun.com/bugreport/"/>
    <property name="sun.cpu.endian" value="little"/>
    <property name="sun.io.unicode.encoding" value="UnicodeLittle"/>
    <property name="sun.desktop" value="windows"/>
    <property name="sun.cpu.isalist" value="amd64"/>
  </properties>
  <testcase name="RIPC_Login" classname="tnm_review_main.CreateRequest" time="44.275"/>
  <testcase name="create_req" classname="tnm_review_main.CreateRequest" time="4.029"/>
  <testcase name="skill_req" classname="tnm_review_main.CreateRequest" time="2.082"/>
  <testcase name="select_requestor" classname="tnm_review_main.CreateRequest" time="20.902"/>
  <testcase name="select_jrss" classname="tnm_review_main.CreateRequest" time="5.277"/>
  <testcase name="req_details" classname="tnm_review_main.CreateRequest" time="10.809"/>
  <testcase name="loc_details" classname="tnm_review_main.CreateRequest" time="16.174"/>
  <testcase name="alert_call" classname="tnm_review_main.CreateRequest" time="0.011"/>
  <testcase name="rates_details" classname="tnm_review_main.CreateRequest" time="6.243"/>
  <testcase name="sup_slection" classname="tnm_review_main.CreateRequest" time="14.53"/>
  <testcase name="switching_insta" classname="tnm_review_main.CreateRequest" time="8.564"/>
  <testcase name="create_req_GB" classname="tnm_review_main.CreateRequest" time="0.87"/>
  <testcase name="switch_cntry" classname="tnm_review_main.CreateRequest" time="0.853"/>
  <testcase name="skill_req_GB" classname="tnm_review_main.CreateRequest" time="1.332"/>
  <testcase name="chang_requestor" classname="tnm_review_main.CreateRequest" time="2.831"/>
  <testcase name="select_requestor_GB" classname="tnm_review_main.CreateRequest" time="10.395"/>
  <testcase name="select_jrss_GB" classname="tnm_review_main.CreateRequest" time="5.071"/>
  <testcase name="req_details_GB" classname="tnm_review_main.CreateRequest" time="11.311"/>
  <testcase name="loc_details_GB" classname="tnm_review_main.CreateRequest" time="10.264"/>
  <testcase name="alert_call_GB" classname="tnm_review_main.CreateRequest" time="0.008"/>
  <testcase name="rates_details_GB" classname="tnm_review_main.CreateRequest" time="6.587"/>
  <testcase name="sup_slection_GB" classname="tnm_review_main.CreateRequest" time="12.948"/>
  <testcase name="switching_inst_US" classname="tnm_review_main.CreateRequest" time="5.93"/>
  <testcase name="create_req_US" classname="tnm_review_main.CreateRequest" time="22.166"/>
  <testcase name="switch_cntry_US" classname="tnm_review_main.CreateRequest" time="1.033"/>
  <testcase name="skill_req_US" classname="tnm_review_main.CreateRequest" time="1.21"/>
  <testcase name="chang_requestor_US" classname="tnm_review_main.CreateRequest" time="4.14"/>
  <testcase name="select_requestor_US" classname="tnm_review_main.CreateRequest" time="26.549"/>
  <testcase name="select_jrss_US" classname="tnm_review_main.CreateRequest" time="5.558"/>
  <testcase name="req_details_US" classname="tnm_review_main.CreateRequest" time="11.7"/>
  <testcase name="loc_details_US" classname="tnm_review_main.CreateRequest" time="8.909"/>
  <testcase name="alert_call_US" classname="tnm_review_main.CreateRequest" time="0.009"/>
  <testcase name="rates_details_US" classname="tnm_review_main.CreateRequest" time="6.7"/>
  <testcase name="sup_slection_US" classname="tnm_review_main.CreateRequest" time="10.38"/>
</testsuite>