<?xml version="1.0" encoding="UTF-8"?>
<!-- Generated by org.testng.reporters.JUnitReportReporter -->
<testsuite hostname="DESKTOP-MEGCP4U" name="tnm_review_main.CreateRequest" tests="34" failures="0" timestamp="25 Jan 2021 07:30:10 GMT" time="299.645" errors="0">
  <testcase name="select_requestor_GB" time="10.394" classname="tnm_review_main.CreateRequest"/>
  <testcase name="select_requestor" time="20.902" classname="tnm_review_main.CreateRequest"/>
  <testcase name="loc_details" time="16.175" classname="tnm_review_main.CreateRequest"/>
  <testcase name="req_details_GB" time="11.312" classname="tnm_review_main.CreateRequest"/>
  <testcase name="chang_requestor_US" time="4.139" classname="tnm_review_main.CreateRequest"/>
  <testcase name="create_req_US" time="22.166" classname="tnm_review_main.CreateRequest"/>
  <testcase name="select_requestor_US" time="26.548" classname="tnm_review_main.CreateRequest"/>
  <testcase name="switching_inst_US" time="5.929" classname="tnm_review_main.CreateRequest"/>
  <testcase name="loc_details_GB" time="10.263" classname="tnm_review_main.CreateRequest"/>
  <testcase name="rates_details" time="6.243" classname="tnm_review_main.CreateRequest"/>
  <testcase name="switch_cntry" time="0.854" classname="tnm_review_main.CreateRequest"/>
  <testcase name="sup_slection_GB" time="12.948" classname="tnm_review_main.CreateRequest"/>
  <testcase name="loc_details_US" time="8.910" classname="tnm_review_main.CreateRequest"/>
  <testcase name="skill_req_US" time="1.210" classname="tnm_review_main.CreateRequest"/>
  <testcase name="chang_requestor" time="2.830" classname="tnm_review_main.CreateRequest"/>
  <testcase name="alert_call_US" time="0.008" classname="tnm_review_main.CreateRequest"/>
  <testcase name="switching_insta" time="8.565" classname="tnm_review_main.CreateRequest"/>
  <testcase name="skill_req" time="2.081" classname="tnm_review_main.CreateRequest"/>
  <testcase name="RIPC_Login" time="44.274" classname="tnm_review_main.CreateRequest"/>
  <testcase name="rates_details_GB" time="6.587" classname="tnm_review_main.CreateRequest"/>
  <testcase name="select_jrss_US" time="5.559" classname="tnm_review_main.CreateRequest"/>
  <testcase name="rates_details_US" time="6.699" classname="tnm_review_main.CreateRequest"/>
  <testcase name="alert_call" time="0.011" classname="tnm_review_main.CreateRequest"/>
  <testcase name="select_jrss" time="5.277" classname="tnm_review_main.CreateRequest"/>
  <testcase name="req_details" time="10.808" classname="tnm_review_main.CreateRequest"/>
  <testcase name="create_req_GB" time="0.870" classname="tnm_review_main.CreateRequest"/>
  <testcase name="alert_call_GB" time="0.008" classname="tnm_review_main.CreateRequest"/>
  <testcase name="create_req" time="4.031" classname="tnm_review_main.CreateRequest"/>
  <testcase name="sup_slection" time="14.530" classname="tnm_review_main.CreateRequest"/>
  <testcase name="select_jrss_GB" time="5.071" classname="tnm_review_main.CreateRequest"/>
  <testcase name="switch_cntry_US" time="1.032" classname="tnm_review_main.CreateRequest"/>
  <testcase name="req_details_US" time="11.700" classname="tnm_review_main.CreateRequest"/>
  <testcase name="skill_req_GB" time="1.332" classname="tnm_review_main.CreateRequest"/>
  <testcase name="sup_slection_US" time="10.379" classname="tnm_review_main.CreateRequest"/>
</testsuite> <!-- tnm_review_main.CreateRequest -->
